<?xml version="1.0" encoding="UTF-8"?><testrun name="UnitTestRunner" project="Meerkat_0.0" tests="1" started="1" failures="0" errors="1" ignored="0">
  <testsuite name="tomaynotificacionpedidos.UnitTestRunner" time="0.0">
    <testcase name="initializationError" classname="tomaynotificacionpedidos.UnitTestRunner" time="0.0">
      <error>cucumber.runtime.DuplicateStepDefinitionException: Duplicate step definitions in tomaynotificacionpedidos.listadodeproductosparameseroStepDefinitions.El_mesero_va_a_consultar_los_productos() in file:/C:/Users/Crisman%20Carmona/OneDrive/Programacion/workspace/Meerkat_0.0/bin/ and tomaynotificacionpedidos.elmeseroconsultaproductosyencuentraunlistadodeeellosStepDefinitions.El_mesero_va_a_consultar_los_productos() in file:/C:/Users/Crisman%20Carmona/OneDrive/Programacion/workspace/Meerkat_0.0/bin/&#13;
	at cucumber.runtime.RuntimeGlue.addStepDefinition(RuntimeGlue.java:47)&#13;
	at cucumber.runtime.java.JavaBackend.addStepDefinition(JavaBackend.java:112)&#13;
	at cucumber.runtime.java.MethodScanner.scan(MethodScanner.java:68)&#13;
	at cucumber.runtime.java.MethodScanner.scan(MethodScanner.java:41)&#13;
	at cucumber.runtime.java.JavaBackend.loadGlue(JavaBackend.java:73)&#13;
	at cucumber.runtime.Runtime.&lt;init&gt;(Runtime.java:89)&#13;
	at cucumber.runtime.Runtime.&lt;init&gt;(Runtime.java:67)&#13;
	at cucumber.runtime.Runtime.&lt;init&gt;(Runtime.java:63)&#13;
	at cucumber.api.junit.Cucumber.&lt;init&gt;(Cucumber.java:64)&#13;
	at sun.reflect.NativeConstructorAccessorImpl.newInstance0(Native Method)&#13;
	at sun.reflect.NativeConstructorAccessorImpl.newInstance(NativeConstructorAccessorImpl.java:62)&#13;
	at sun.reflect.DelegatingConstructorAccessorImpl.newInstance(DelegatingConstructorAccessorImpl.java:45)&#13;
	at java.lang.reflect.Constructor.newInstance(Constructor.java:422)&#13;
	at org.junit.internal.builders.AnnotatedBuilder.buildRunner(AnnotatedBuilder.java:29)&#13;
	at org.junit.internal.builders.AnnotatedBuilder.runnerForClass(AnnotatedBuilder.java:21)&#13;
	at org.junit.runners.model.RunnerBuilder.safeRunnerForClass(RunnerBuilder.java:59)&#13;
	at org.junit.internal.builders.AllDefaultPossibilitiesBuilder.runnerForClass(AllDefaultPossibilitiesBuilder.java:26)&#13;
	at org.junit.runners.model.RunnerBuilder.safeRunnerForClass(RunnerBuilder.java:59)&#13;
	at org.junit.internal.requests.ClassRequest.getRunner(ClassRequest.java:26)&#13;
	at org.eclipse.jdt.internal.junit4.runner.JUnit4TestLoader.createUnfilteredTest(JUnit4TestLoader.java:84)&#13;
	at org.eclipse.jdt.internal.junit4.runner.JUnit4TestLoader.createTest(JUnit4TestLoader.java:70)&#13;
	at org.eclipse.jdt.internal.junit4.runner.JUnit4TestLoader.loadTests(JUnit4TestLoader.java:43)&#13;
	at org.eclipse.jdt.internal.junit.runner.RemoteTestRunner.runTests(RemoteTestRunner.java:444)&#13;
	at org.eclipse.jdt.internal.junit.runner.RemoteTestRunner.runTests(RemoteTestRunner.java:675)&#13;
	at org.eclipse.jdt.internal.junit.runner.RemoteTestRunner.run(RemoteTestRunner.java:382)&#13;
	at org.eclipse.jdt.internal.junit.runner.RemoteTestRunner.main(RemoteTestRunner.java:192)&#13;
&#13;
</error>
    </testcase>
  </testsuite>
</testrun>
