<?xml version="1.0" encoding="UTF-8"?><testrun name="UnitTestRunner" project="Meerkat_0.0" tests="1" started="1" failures="0" errors="1" ignored="0">
  <testsuite name="tomaynotificacionpedidos.UnitTestRunner" time="0.0">
    <testcase name="initializationError" classname="tomaynotificacionpedidos.UnitTestRunner" time="0.0">
      <error>cucumber.runtime.CucumberException: Error parsing feature file tomaynotificacionpedidos/listadodeproductosparamesero.feature&#13;
	at cucumber.runtime.FeatureBuilder.parse(FeatureBuilder.java:123)&#13;
	at cucumber.runtime.model.CucumberFeature.load(CucumberFeature.java:52)&#13;
	at cucumber.runtime.model.CucumberFeature.load(CucumberFeature.java:33)&#13;
	at cucumber.runtime.RuntimeOptions.cucumberFeatures(RuntimeOptions.java:143)&#13;
	at cucumber.api.junit.Cucumber.&lt;init&gt;(Cucumber.java:67)&#13;
	at sun.reflect.NativeConstructorAccessorImpl.newInstance0(Native Method)&#13;
	at sun.reflect.NativeConstructorAccessorImpl.newInstance(NativeConstructorAccessorImpl.java:62)&#13;
	at sun.reflect.DelegatingConstructorAccessorImpl.newInstance(DelegatingConstructorAccessorImpl.java:45)&#13;
	at java.lang.reflect.Constructor.newInstance(Constructor.java:422)&#13;
	at org.junit.internal.builders.AnnotatedBuilder.buildRunner(AnnotatedBuilder.java:29)&#13;
	at org.junit.internal.builders.AnnotatedBuilder.runnerForClass(AnnotatedBuilder.java:21)&#13;
	at org.junit.runners.model.RunnerBuilder.safeRunnerForClass(RunnerBuilder.java:59)&#13;
	at org.junit.internal.builders.AllDefaultPossibilitiesBuilder.runnerForClass(AllDefaultPossibilitiesBuilder.java:26)&#13;
	at org.junit.runners.model.RunnerBuilder.safeRunnerForClass(RunnerBuilder.java:59)&#13;
	at org.junit.internal.requests.ClassRequest.getRunner(ClassRequest.java:26)&#13;
	at org.eclipse.jdt.internal.junit4.runner.JUnit4TestLoader.createUnfilteredTest(JUnit4TestLoader.java:84)&#13;
	at org.eclipse.jdt.internal.junit4.runner.JUnit4TestLoader.createTest(JUnit4TestLoader.java:70)&#13;
	at org.eclipse.jdt.internal.junit4.runner.JUnit4TestLoader.loadTests(JUnit4TestLoader.java:43)&#13;
	at org.eclipse.jdt.internal.junit.runner.RemoteTestRunner.runTests(RemoteTestRunner.java:444)&#13;
	at org.eclipse.jdt.internal.junit.runner.RemoteTestRunner.runTests(RemoteTestRunner.java:675)&#13;
	at org.eclipse.jdt.internal.junit.runner.RemoteTestRunner.run(RemoteTestRunner.java:382)&#13;
	at org.eclipse.jdt.internal.junit.runner.RemoteTestRunner.main(RemoteTestRunner.java:192)&#13;
Caused by: gherkin.parser.ParseError: Parse error at tomaynotificacionpedidos/listadodeproductosparamesero.feature:13. Found feature when expecting one of: comment, doc_string, row, scenario, scenario_outline, step, tag. (Current getState: step).&#13;
	at gherkin.parser.Parser$Machine.event(Parser.java:207)&#13;
	at gherkin.parser.Parser.event(Parser.java:159)&#13;
	at gherkin.parser.Parser.feature(Parser.java:96)&#13;
	at gherkin.lexer.En.scan(En.java:744)&#13;
	at gherkin.lexer.I18nLexer.scan(I18nLexer.java:36)&#13;
	at gherkin.parser.Parser.parse(Parser.java:62)&#13;
	at cucumber.runtime.FeatureBuilder.parse(FeatureBuilder.java:121)&#13;
	... 21 more&#13;
&#13;
</error>
    </testcase>
  </testsuite>
</testrun>
